Command line invocation:
    /Applications/Xcode.app/Contents/Developer/usr/bin/xcodebuild build -scheme AirFit -destination "platform=iOS Simulator,name=iPhone 16 Pro,OS=18.4"

Resolve Package Graph


Resolved source packages:
  Jinja: https://github.com/johnmai-dev/Jinja @ 1.2.0
  whisperkit: https://github.com/argmaxinc/WhisperKit @ 0.13.0
  swift-argument-parser: https://github.com/apple/swift-argument-parser.git @ 1.6.1
  swift-transformers: https://github.com/huggingface/swift-transformers.git @ 0.1.15
  swift-collections: https://github.com/apple/swift-collections.git @ 1.2.0

--- xcodebuild: WARNING: Using the first of multiple matching destinations:
{ platform:iOS Simulator, arch:arm64, id:526F0A03-9537-4798-95CD-0BBB89CB0284, OS:18.4, name:iPhone 16 Pro }
{ platform:iOS Simulator, arch:x86_64, id:526F0A03-9537-4798-95CD-0BBB89CB0284, OS:18.4, name:iPhone 16 Pro }
ComputePackagePrebuildTargetDependencyGraph

Prepare packages

CreateBuildRequest

SendProjectDescription

CreateBuildOperation

ComputeTargetDependencyGraph
note: Building targets in dependency order
note: Target dependency graph (15 targets)
    Target 'AirFit' in project 'AirFit'
        ➜ Explicit dependency on target 'WhisperKit' in project 'whisperkit'
    Target 'WhisperKit' in project 'whisperkit'
        ➜ Explicit dependency on target 'WhisperKit' in project 'whisperkit'
        ➜ Explicit dependency on target 'Transformers' in project 'swift-transformers'
    Target 'WhisperKit' in project 'whisperkit'
        ➜ Explicit dependency on target 'Transformers' in project 'swift-transformers'
    Target 'Transformers' in project 'swift-transformers'
        ➜ Explicit dependency on target 'Tokenizers' in project 'swift-transformers'
        ➜ Explicit dependency on target 'Generation' in project 'swift-transformers'
        ➜ Explicit dependency on target 'Models' in project 'swift-transformers'
        ➜ Explicit dependency on target 'Hub' in project 'swift-transformers'
        ➜ Explicit dependency on target 'TensorUtils' in project 'swift-transformers'
        ➜ Explicit dependency on target 'Jinja' in project 'Jinja'
    Target 'Models' in project 'swift-transformers'
        ➜ Explicit dependency on target 'Hub' in project 'swift-transformers'
        ➜ Explicit dependency on target 'Tokenizers' in project 'swift-transformers'
        ➜ Explicit dependency on target 'TensorUtils' in project 'swift-transformers'
        ➜ Explicit dependency on target 'Generation' in project 'swift-transformers'
        ➜ Explicit dependency on target 'Jinja' in project 'Jinja'
    Target 'Generation' in project 'swift-transformers'
        ➜ Explicit dependency on target 'Hub' in project 'swift-transformers'
        ➜ Explicit dependency on target 'Tokenizers' in project 'swift-transformers'
        ➜ Explicit dependency on target 'TensorUtils' in project 'swift-transformers'
        ➜ Explicit dependency on target 'Jinja' in project 'Jinja'
    Target 'TensorUtils' in project 'swift-transformers' (no dependencies)
    Target 'Tokenizers' in project 'swift-transformers'
        ➜ Explicit dependency on target 'Hub' in project 'swift-transformers'
        ➜ Explicit dependency on target 'Jinja' in project 'Jinja'
    Target 'Jinja' in project 'Jinja'
        ➜ Explicit dependency on target 'Jinja' in project 'Jinja'
        ➜ Explicit dependency on target 'OrderedCollections' in project 'swift-collections'
    Target 'Jinja' in project 'Jinja'
        ➜ Explicit dependency on target 'OrderedCollections' in project 'swift-collections'
    Target 'OrderedCollections' in project 'swift-collections'
        ➜ Explicit dependency on target 'OrderedCollections' in project 'swift-collections'
        ➜ Explicit dependency on target 'InternalCollectionsUtilities' in project 'swift-collections'
    Target 'OrderedCollections' in project 'swift-collections'
        ➜ Explicit dependency on target 'InternalCollectionsUtilities' in project 'swift-collections'
    Target 'InternalCollectionsUtilities' in project 'swift-collections' (no dependencies)
    Target 'Hub' in project 'swift-transformers'
        ➜ Explicit dependency on target 'swift-transformers_Hub' in project 'swift-transformers'
    Target 'swift-transformers_Hub' in project 'swift-transformers' (no dependencies)

GatherProvisioningInputs

CreateBuildDescription

ExecuteExternalTool /Applications/Xcode.app/Contents/Developer/Toolchains/XcodeDefault.xctoolchain/usr/bin/swiftc --version

ExecuteExternalTool /Applications/Xcode.app/Contents/Developer/Toolchains/XcodeDefault.xctoolchain/usr/bin/clang -v -E -dM -isysroot /Applications/Xcode.app/Contents/Developer/Platforms/iPhoneSimulator.platform/Developer/SDKs/iPhoneSimulator18.5.sdk -x c -c /dev/null

ExecuteExternalTool /Applications/Xcode.app/Contents/Developer/Toolchains/XcodeDefault.xctoolchain/usr/bin/ld -version_details

ReadFileContents /Applications/Xcode.app/Contents/Developer/Toolchains/XcodeDefault.xctoolchain/usr/share/docc/features.json

Build description signature: 54e2cfc06dc2025083ef5fe23bd12886
Build description path: /Users/Brian/Library/Developer/Xcode/DerivedData/AirFit-byirbnjrjkaivfbuyqrmiapiyxae/Build/Intermediates.noindex/XCBuildData/54e2cfc06dc2025083ef5fe23bd12886.xcbuilddata
ClangStatCache /Applications/Xcode.app/Contents/Developer/Toolchains/XcodeDefault.xctoolchain/usr/bin/clang-stat-cache /Applications/Xcode.app/Contents/Developer/Platforms/iPhoneSimulator.platform/Developer/SDKs/iPhoneSimulator18.5.sdk /Users/Brian/Library/Developer/Xcode/DerivedData/SDKStatCaches.noindex/iphonesimulator18.5-22F76-d5fc8ad4295d2ef488fb7d0f804ce0c4.sdkstatcache
    cd /Users/Brian/Coding\ Projects/AirFit/AirFit.xcodeproj
    /Applications/Xcode.app/Contents/Developer/Toolchains/XcodeDefault.xctoolchain/usr/bin/clang-stat-cache /Applications/Xcode.app/Contents/Developer/Platforms/iPhoneSimulator.platform/Developer/SDKs/iPhoneSimulator18.5.sdk -o /Users/Brian/Library/Developer/Xcode/DerivedData/SDKStatCaches.noindex/iphonesimulator18.5-22F76-d5fc8ad4295d2ef488fb7d0f804ce0c4.sdkstatcache

ProcessProductPackaging /Users/Brian/Coding\ Projects/AirFit/AirFit/AirFit.entitlements /Users/Brian/Library/Developer/Xcode/DerivedData/AirFit-byirbnjrjkaivfbuyqrmiapiyxae/Build/Intermediates.noindex/AirFit.build/Debug-iphonesimulator/AirFit.build/AirFit.app-Simulated.xcent (in target 'AirFit' from project 'AirFit')
    cd /Users/Brian/Coding\ Projects/AirFit
    
    Entitlements:
    
    {
    "application-identifier" = "2H43Q8Y3CR.com.airfit.app";
    "com.apple.developer.healthkit" = 1;
    "com.apple.developer.healthkit.background-delivery" = 1;
}
    
    builtin-productPackagingUtility /Users/Brian/Coding\ Projects/AirFit/AirFit/AirFit.entitlements -entitlements -format xml -o /Users/Brian/Library/Developer/Xcode/DerivedData/AirFit-byirbnjrjkaivfbuyqrmiapiyxae/Build/Intermediates.noindex/AirFit.build/Debug-iphonesimulator/AirFit.build/AirFit.app-Simulated.xcent

ProcessProductPackagingDER /Users/Brian/Library/Developer/Xcode/DerivedData/AirFit-byirbnjrjkaivfbuyqrmiapiyxae/Build/Intermediates.noindex/AirFit.build/Debug-iphonesimulator/AirFit.build/AirFit.app-Simulated.xcent /Users/Brian/Library/Developer/Xcode/DerivedData/AirFit-byirbnjrjkaivfbuyqrmiapiyxae/Build/Intermediates.noindex/AirFit.build/Debug-iphonesimulator/AirFit.build/AirFit.app-Simulated.xcent.der (in target 'AirFit' from project 'AirFit')
    cd /Users/Brian/Coding\ Projects/AirFit
    /usr/bin/derq query -f xml -i /Users/Brian/Library/Developer/Xcode/DerivedData/AirFit-byirbnjrjkaivfbuyqrmiapiyxae/Build/Intermediates.noindex/AirFit.build/Debug-iphonesimulator/AirFit.build/AirFit.app-Simulated.xcent -o /Users/Brian/Library/Developer/Xcode/DerivedData/AirFit-byirbnjrjkaivfbuyqrmiapiyxae/Build/Intermediates.noindex/AirFit.build/Debug-iphonesimulator/AirFit.build/AirFit.app-Simulated.xcent.der --raw

ProcessProductPackaging /Users/Brian/Coding\ Projects/AirFit/AirFit/AirFit.entitlements /Users/Brian/Library/Developer/Xcode/DerivedData/AirFit-byirbnjrjkaivfbuyqrmiapiyxae/Build/Intermediates.noindex/AirFit.build/Debug-iphonesimulator/AirFit.build/AirFit.app.xcent (in target 'AirFit' from project 'AirFit')
    cd /Users/Brian/Coding\ Projects/AirFit
    
    Entitlements:
    
    {
}
    
    builtin-productPackagingUtility /Users/Brian/Coding\ Projects/AirFit/AirFit/AirFit.entitlements -entitlements -format xml -o /Users/Brian/Library/Developer/Xcode/DerivedData/AirFit-byirbnjrjkaivfbuyqrmiapiyxae/Build/Intermediates.noindex/AirFit.build/Debug-iphonesimulator/AirFit.build/AirFit.app.xcent

ProcessProductPackagingDER /Users/Brian/Library/Developer/Xcode/DerivedData/AirFit-byirbnjrjkaivfbuyqrmiapiyxae/Build/Intermediates.noindex/AirFit.build/Debug-iphonesimulator/AirFit.build/AirFit.app.xcent /Users/Brian/Library/Developer/Xcode/DerivedData/AirFit-byirbnjrjkaivfbuyqrmiapiyxae/Build/Intermediates.noindex/AirFit.build/Debug-iphonesimulator/AirFit.build/AirFit.app.xcent.der (in target 'AirFit' from project 'AirFit')
    cd /Users/Brian/Coding\ Projects/AirFit
    /usr/bin/derq query -f xml -i /Users/Brian/Library/Developer/Xcode/DerivedData/AirFit-byirbnjrjkaivfbuyqrmiapiyxae/Build/Intermediates.noindex/AirFit.build/Debug-iphonesimulator/AirFit.build/AirFit.app.xcent -o /Users/Brian/Library/Developer/Xcode/DerivedData/AirFit-byirbnjrjkaivfbuyqrmiapiyxae/Build/Intermediates.noindex/AirFit.build/Debug-iphonesimulator/AirFit.build/AirFit.app.xcent.der --raw

ProcessInfoPlistFile /Users/Brian/Library/Developer/Xcode/DerivedData/AirFit-byirbnjrjkaivfbuyqrmiapiyxae/Build/Products/Debug-iphonesimulator/swift-transformers_Hub.bundle/Info.plist /Users/Brian/Library/Developer/Xcode/DerivedData/AirFit-byirbnjrjkaivfbuyqrmiapiyxae/Build/Intermediates.noindex/swift-transformers.build/Debug-iphonesimulator/swift-transformers_Hub.build/empty-swift-transformers_Hub.plist (in target 'swift-transformers_Hub' from project 'swift-transformers')
    cd /Users/Brian/Library/Developer/Xcode/DerivedData/AirFit-byirbnjrjkaivfbuyqrmiapiyxae/SourcePackages/checkouts/swift-transformers
    builtin-infoPlistUtility /Users/Brian/Library/Developer/Xcode/DerivedData/AirFit-byirbnjrjkaivfbuyqrmiapiyxae/Build/Intermediates.noindex/swift-transformers.build/Debug-iphonesimulator/swift-transformers_Hub.build/empty-swift-transformers_Hub.plist -producttype com.apple.product-type.bundle -expandbuildsettings -format binary -platform iphonesimulator -o /Users/Brian/Library/Developer/Xcode/DerivedData/AirFit-byirbnjrjkaivfbuyqrmiapiyxae/Build/Products/Debug-iphonesimulator/swift-transformers_Hub.bundle/Info.plist

ProcessInfoPlistFile /Users/Brian/Library/Developer/Xcode/DerivedData/AirFit-byirbnjrjkaivfbuyqrmiapiyxae/Build/Products/Debug-iphonesimulator/AirFit.app/Info.plist /Users/Brian/Coding\ Projects/AirFit/AirFit/Info.plist (in target 'AirFit' from project 'AirFit')
    cd /Users/Brian/Coding\ Projects/AirFit
    builtin-infoPlistUtility /Users/Brian/Coding\ Projects/AirFit/AirFit/Info.plist -producttype com.apple.product-type.application -genpkginfo /Users/Brian/Library/Developer/Xcode/DerivedData/AirFit-byirbnjrjkaivfbuyqrmiapiyxae/Build/Products/Debug-iphonesimulator/AirFit.app/PkgInfo -expandbuildsettings -format binary -platform iphonesimulator -scanforprivacyfile /Users/Brian/Library/Developer/Xcode/DerivedData/AirFit-byirbnjrjkaivfbuyqrmiapiyxae/Build/Products/Debug-iphonesimulator/AirFit.app/swift-transformers_Hub.bundle -o /Users/Brian/Library/Developer/Xcode/DerivedData/AirFit-byirbnjrjkaivfbuyqrmiapiyxae/Build/Products/Debug-iphonesimulator/AirFit.app/Info.plist

SwiftDriver AirFit normal arm64 com.apple.xcode.tools.swift.compiler (in target 'AirFit' from project 'AirFit')
    cd /Users/Brian/Coding\ Projects/AirFit
    builtin-SwiftDriver -- /Applications/Xcode.app/Contents/Developer/Toolchains/XcodeDefault.xctoolchain/usr/bin/swiftc -module-name AirFit -Onone -enforce-exclusivity\=checked @/Users/Brian/Library/Developer/Xcode/DerivedData/AirFit-byirbnjrjkaivfbuyqrmiapiyxae/Build/Intermediates.noindex/AirFit.build/Debug-iphonesimulator/AirFit.build/Objects-normal/arm64/AirFit.SwiftFileList -DDEBUG -enable-experimental-feature DebugDescriptionMacro -sdk /Applications/Xcode.app/Contents/Developer/Platforms/iPhoneSimulator.platform/Developer/SDKs/iPhoneSimulator18.5.sdk -target arm64-apple-ios18.0-simulator -g -module-cache-path /Users/Brian/Library/Developer/Xcode/DerivedData/ModuleCache.noindex -Xfrontend -serialize-debugging-options -profile-coverage-mapping -profile-generate -enable-testing -index-store-path /Users/Brian/Library/Developer/Xcode/DerivedData/AirFit-byirbnjrjkaivfbuyqrmiapiyxae/Index.noindex/DataStore -swift-version 6 -I /Users/Brian/Library/Developer/Xcode/DerivedData/AirFit-byirbnjrjkaivfbuyqrmiapiyxae/Build/Products/Debug-iphonesimulator -F /Users/Brian/Library/Developer/Xcode/DerivedData/AirFit-byirbnjrjkaivfbuyqrmiapiyxae/Build/Products/Debug-iphonesimulator/PackageFrameworks -F /Users/Brian/Library/Developer/Xcode/DerivedData/AirFit-byirbnjrjkaivfbuyqrmiapiyxae/Build/Products/Debug-iphonesimulator/PackageFrameworks -F /Users/Brian/Library/Developer/Xcode/DerivedData/AirFit-byirbnjrjkaivfbuyqrmiapiyxae/Build/Products/Debug-iphonesimulator/PackageFrameworks -F /Users/Brian/Library/Developer/Xcode/DerivedData/AirFit-byirbnjrjkaivfbuyqrmiapiyxae/Build/Products/Debug-iphonesimulator/PackageFrameworks -F /Users/Brian/Library/Developer/Xcode/DerivedData/AirFit-byirbnjrjkaivfbuyqrmiapiyxae/Build/Products/Debug-iphonesimulator/PackageFrameworks -F /Users/Brian/Library/Developer/Xcode/DerivedData/AirFit-byirbnjrjkaivfbuyqrmiapiyxae/Build/Products/Debug-iphonesimulator/PackageFrameworks -F /Users/Brian/Library/Developer/Xcode/DerivedData/AirFit-byirbnjrjkaivfbuyqrmiapiyxae/Build/Products/Debug-iphonesimulator/PackageFrameworks -F /Users/Brian/Library/Developer/Xcode/DerivedData/AirFit-byirbnjrjkaivfbuyqrmiapiyxae/Build/Products/Debug-iphonesimulator/PackageFrameworks -F /Users/Brian/Library/Developer/Xcode/DerivedData/AirFit-byirbnjrjkaivfbuyqrmiapiyxae/Build/Products/Debug-iphonesimulator/PackageFrameworks -F /Users/Brian/Library/Developer/Xcode/DerivedData/AirFit-byirbnjrjkaivfbuyqrmiapiyxae/Build/Products/Debug-iphonesimulator -emit-localized-strings -emit-localized-strings-path /Users/Brian/Library/Developer/Xcode/DerivedData/AirFit-byirbnjrjkaivfbuyqrmiapiyxae/Build/Intermediates.noindex/AirFit.build/Debug-iphonesimulator/AirFit.build/Objects-normal/arm64 -c -j16 -enable-batch-mode -incremental -Xcc -ivfsstatcache -Xcc /Users/Brian/Library/Developer/Xcode/DerivedData/SDKStatCaches.noindex/iphonesimulator18.5-22F76-d5fc8ad4295d2ef488fb7d0f804ce0c4.sdkstatcache -output-file-map /Users/Brian/Library/Developer/Xcode/DerivedData/AirFit-byirbnjrjkaivfbuyqrmiapiyxae/Build/Intermediates.noindex/AirFit.build/Debug-iphonesimulator/AirFit.build/Objects-normal/arm64/AirFit-OutputFileMap.json -use-frontend-parseable-output -save-temps -no-color-diagnostics -serialize-diagnostics -emit-dependencies -emit-module -emit-module-path /Users/Brian/Library/Developer/Xcode/DerivedData/AirFit-byirbnjrjkaivfbuyqrmiapiyxae/Build/Intermediates.noindex/AirFit.build/Debug-iphonesimulator/AirFit.build/Objects-normal/arm64/AirFit.swiftmodule -validate-clang-modules-once -clang-build-session-file /Users/Brian/Library/Developer/Xcode/DerivedData/ModuleCache.noindex/Session.modulevalidation -Xcc -I/Users/Brian/Library/Developer/Xcode/DerivedData/AirFit-byirbnjrjkaivfbuyqrmiapiyxae/Build/Intermediates.noindex/AirFit.build/Debug-iphonesimulator/AirFit.build/swift-overrides.hmap -emit-const-values -Xfrontend -const-gather-protocols-file -Xfrontend /Users/Brian/Library/Developer/Xcode/DerivedData/AirFit-byirbnjrjkaivfbuyqrmiapiyxae/Build/Intermediates.noindex/AirFit.build/Debug-iphonesimulator/AirFit.build/Objects-normal/arm64/AirFit_const_extract_protocols.json -Xcc -iquote -Xcc /Users/Brian/Library/Developer/Xcode/DerivedData/AirFit-byirbnjrjkaivfbuyqrmiapiyxae/Build/Intermediates.noindex/AirFit.build/Debug-iphonesimulator/AirFit.build/AirFit-generated-files.hmap -Xcc -I/Users/Brian/Library/Developer/Xcode/DerivedData/AirFit-byirbnjrjkaivfbuyqrmiapiyxae/Build/Intermediates.noindex/AirFit.build/Debug-iphonesimulator/AirFit.build/AirFit-own-target-headers.hmap -Xcc -I/Users/Brian/Library/Developer/Xcode/DerivedData/AirFit-byirbnjrjkaivfbuyqrmiapiyxae/Build/Intermediates.noindex/AirFit.build/Debug-iphonesimulator/AirFit.build/AirFit-all-non-framework-target-headers.hmap -Xcc -ivfsoverlay -Xcc /Users/Brian/Library/Developer/Xcode/DerivedData/AirFit-byirbnjrjkaivfbuyqrmiapiyxae/Build/Intermediates.noindex/AirFit.build/Debug-iphonesimulator/AirFit-ebd97daffa3a1e236f047a59eef70a3a-VFS-iphonesimulator/all-product-headers.yaml -Xcc -iquote -Xcc /Users/Brian/Library/Developer/Xcode/DerivedData/AirFit-byirbnjrjkaivfbuyqrmiapiyxae/Build/Intermediates.noindex/AirFit.build/Debug-iphonesimulator/AirFit.build/AirFit-project-headers.hmap -Xcc -I/Users/Brian/Library/Developer/Xcode/DerivedData/AirFit-byirbnjrjkaivfbuyqrmiapiyxae/Build/Products/Debug-iphonesimulator/include -Xcc -I/Users/Brian/Library/Developer/Xcode/DerivedData/AirFit-byirbnjrjkaivfbuyqrmiapiyxae/Build/Intermediates.noindex/AirFit.build/Debug-iphonesimulator/AirFit.build/DerivedSources-normal/arm64 -Xcc -I/Users/Brian/Library/Developer/Xcode/DerivedData/AirFit-byirbnjrjkaivfbuyqrmiapiyxae/Build/Intermediates.noindex/AirFit.build/Debug-iphonesimulator/AirFit.build/DerivedSources/arm64 -Xcc -I/Users/Brian/Library/Developer/Xcode/DerivedData/AirFit-byirbnjrjkaivfbuyqrmiapiyxae/Build/Intermediates.noindex/AirFit.build/Debug-iphonesimulator/AirFit.build/DerivedSources -Xcc -DDEBUG\=1 -emit-objc-header -emit-objc-header-path /Users/Brian/Library/Developer/Xcode/DerivedData/AirFit-byirbnjrjkaivfbuyqrmiapiyxae/Build/Intermediates.noindex/AirFit.build/Debug-iphonesimulator/AirFit.build/Objects-normal/arm64/AirFit-Swift.h -working-directory /Users/Brian/Coding\ Projects/AirFit -experimental-emit-module-separately -disable-cmo

SwiftEmitModule normal arm64 Emitting\ module\ for\ AirFit (in target 'AirFit' from project 'AirFit')

EmitSwiftModule normal arm64 (in target 'AirFit' from project 'AirFit')
    cd /Users/Brian/Coding\ Projects/AirFit
    

SwiftCompile normal arm64 Compiling\ DIBootstrapper.swift /Users/Brian/Coding\ Projects/AirFit/AirFit/Core/DI/DIBootstrapper.swift (in target 'AirFit' from project 'AirFit')

SwiftCompile normal arm64 /Users/Brian/Coding\ Projects/AirFit/AirFit/Core/DI/DIBootstrapper.swift (in target 'AirFit' from project 'AirFit')
    cd /Users/Brian/Coding\ Projects/AirFit
    

SwiftCompile normal arm64 Compiling\ CoachEngine+Functions.swift /Users/Brian/Coding\ Projects/AirFit/AirFit/Modules/AI/CoachEngine+Functions.swift (in target 'AirFit' from project 'AirFit')

SwiftCompile normal arm64 /Users/Brian/Coding\ Projects/AirFit/AirFit/Modules/AI/CoachEngine+Functions.swift (in target 'AirFit' from project 'AirFit')
    cd /Users/Brian/Coding\ Projects/AirFit
    

SwiftDriverJobDiscovery normal arm64 Compiling DIBootstrapper.swift (in target 'AirFit' from project 'AirFit')

SwiftDriverJobDiscovery normal arm64 Compiling CoachEngine+Functions.swift (in target 'AirFit' from project 'AirFit')

SwiftCompile normal arm64 Compiling\ CoachEngine.swift /Users/Brian/Coding\ Projects/AirFit/AirFit/Modules/AI/CoachEngine.swift (in target 'AirFit' from project 'AirFit')

SwiftCompile normal arm64 /Users/Brian/Coding\ Projects/AirFit/AirFit/Modules/AI/CoachEngine.swift (in target 'AirFit' from project 'AirFit')
    cd /Users/Brian/Coding\ Projects/AirFit
    

SwiftDriverJobDiscovery normal arm64 Compiling CoachEngine.swift (in target 'AirFit' from project 'AirFit')

SwiftDriverJobDiscovery normal arm64 Emitting module for AirFit (in target 'AirFit' from project 'AirFit')

SwiftDriver\ Compilation\ Requirements AirFit normal arm64 com.apple.xcode.tools.swift.compiler (in target 'AirFit' from project 'AirFit')
    cd /Users/Brian/Coding\ Projects/AirFit
    builtin-Swift-Compilation-Requirements -- /Applications/Xcode.app/Contents/Developer/Toolchains/XcodeDefault.xctoolchain/usr/bin/swiftc -module-name AirFit -Onone -enforce-exclusivity\=checked @/Users/Brian/Library/Developer/Xcode/DerivedData/AirFit-byirbnjrjkaivfbuyqrmiapiyxae/Build/Intermediates.noindex/AirFit.build/Debug-iphonesimulator/AirFit.build/Objects-normal/arm64/AirFit.SwiftFileList -DDEBUG -enable-experimental-feature DebugDescriptionMacro -sdk /Applications/Xcode.app/Contents/Developer/Platforms/iPhoneSimulator.platform/Developer/SDKs/iPhoneSimulator18.5.sdk -target arm64-apple-ios18.0-simulator -g -module-cache-path /Users/Brian/Library/Developer/Xcode/DerivedData/ModuleCache.noindex -Xfrontend -serialize-debugging-options -profile-coverage-mapping -profile-generate -enable-testing -index-store-path /Users/Brian/Library/Developer/Xcode/DerivedData/AirFit-byirbnjrjkaivfbuyqrmiapiyxae/Index.noindex/DataStore -swift-version 6 -I /Users/Brian/Library/Developer/Xcode/DerivedData/AirFit-byirbnjrjkaivfbuyqrmiapiyxae/Build/Products/Debug-iphonesimulator -F /Users/Brian/Library/Developer/Xcode/DerivedData/AirFit-byirbnjrjkaivfbuyqrmiapiyxae/Build/Products/Debug-iphonesimulator/PackageFrameworks -F /Users/Brian/Library/Developer/Xcode/DerivedData/AirFit-byirbnjrjkaivfbuyqrmiapiyxae/Build/Products/Debug-iphonesimulator/PackageFrameworks -F /Users/Brian/Library/Developer/Xcode/DerivedData/AirFit-byirbnjrjkaivfbuyqrmiapiyxae/Build/Products/Debug-iphonesimulator/PackageFrameworks -F /Users/Brian/Library/Developer/Xcode/DerivedData/AirFit-byirbnjrjkaivfbuyqrmiapiyxae/Build/Products/Debug-iphonesimulator/PackageFrameworks -F /Users/Brian/Library/Developer/Xcode/DerivedData/AirFit-byirbnjrjkaivfbuyqrmiapiyxae/Build/Products/Debug-iphonesimulator/PackageFrameworks -F /Users/Brian/Library/Developer/Xcode/DerivedData/AirFit-byirbnjrjkaivfbuyqrmiapiyxae/Build/Products/Debug-iphonesimulator/PackageFrameworks -F /Users/Brian/Library/Developer/Xcode/DerivedData/AirFit-byirbnjrjkaivfbuyqrmiapiyxae/Build/Products/Debug-iphonesimulator/PackageFrameworks -F /Users/Brian/Library/Developer/Xcode/DerivedData/AirFit-byirbnjrjkaivfbuyqrmiapiyxae/Build/Products/Debug-iphonesimulator/PackageFrameworks -F /Users/Brian/Library/Developer/Xcode/DerivedData/AirFit-byirbnjrjkaivfbuyqrmiapiyxae/Build/Products/Debug-iphonesimulator/PackageFrameworks -F /Users/Brian/Library/Developer/Xcode/DerivedData/AirFit-byirbnjrjkaivfbuyqrmiapiyxae/Build/Products/Debug-iphonesimulator -emit-localized-strings -emit-localized-strings-path /Users/Brian/Library/Developer/Xcode/DerivedData/AirFit-byirbnjrjkaivfbuyqrmiapiyxae/Build/Intermediates.noindex/AirFit.build/Debug-iphonesimulator/AirFit.build/Objects-normal/arm64 -c -j16 -enable-batch-mode -incremental -Xcc -ivfsstatcache -Xcc /Users/Brian/Library/Developer/Xcode/DerivedData/SDKStatCaches.noindex/iphonesimulator18.5-22F76-d5fc8ad4295d2ef488fb7d0f804ce0c4.sdkstatcache -output-file-map /Users/Brian/Library/Developer/Xcode/DerivedData/AirFit-byirbnjrjkaivfbuyqrmiapiyxae/Build/Intermediates.noindex/AirFit.build/Debug-iphonesimulator/AirFit.build/Objects-normal/arm64/AirFit-OutputFileMap.json -use-frontend-parseable-output -save-temps -no-color-diagnostics -serialize-diagnostics -emit-dependencies -emit-module -emit-module-path /Users/Brian/Library/Developer/Xcode/DerivedData/AirFit-byirbnjrjkaivfbuyqrmiapiyxae/Build/Intermediates.noindex/AirFit.build/Debug-iphonesimulator/AirFit.build/Objects-normal/arm64/AirFit.swiftmodule -validate-clang-modules-once -clang-build-session-file /Users/Brian/Library/Developer/Xcode/DerivedData/ModuleCache.noindex/Session.modulevalidation -Xcc -I/Users/Brian/Library/Developer/Xcode/DerivedData/AirFit-byirbnjrjkaivfbuyqrmiapiyxae/Build/Intermediates.noindex/AirFit.build/Debug-iphonesimulator/AirFit.build/swift-overrides.hmap -emit-const-values -Xfrontend -const-gather-protocols-file -Xfrontend /Users/Brian/Library/Developer/Xcode/DerivedData/AirFit-byirbnjrjkaivfbuyqrmiapiyxae/Build/Intermediates.noindex/AirFit.build/Debug-iphonesimulator/AirFit.build/Objects-normal/arm64/AirFit_const_extract_protocols.json -Xcc -iquote -Xcc /Users/Brian/Library/Developer/Xcode/DerivedData/AirFit-byirbnjrjkaivfbuyqrmiapiyxae/Build/Intermediates.noindex/AirFit.build/Debug-iphonesimulator/AirFit.build/AirFit-generated-files.hmap -Xcc -I/Users/Brian/Library/Developer/Xcode/DerivedData/AirFit-byirbnjrjkaivfbuyqrmiapiyxae/Build/Intermediates.noindex/AirFit.build/Debug-iphonesimulator/AirFit.build/AirFit-own-target-headers.hmap -Xcc -I/Users/Brian/Library/Developer/Xcode/DerivedData/AirFit-byirbnjrjkaivfbuyqrmiapiyxae/Build/Intermediates.noindex/AirFit.build/Debug-iphonesimulator/AirFit.build/AirFit-all-non-framework-target-headers.hmap -Xcc -ivfsoverlay -Xcc /Users/Brian/Library/Developer/Xcode/DerivedData/AirFit-byirbnjrjkaivfbuyqrmiapiyxae/Build/Intermediates.noindex/AirFit.build/Debug-iphonesimulator/AirFit-ebd97daffa3a1e236f047a59eef70a3a-VFS-iphonesimulator/all-product-headers.yaml -Xcc -iquote -Xcc /Users/Brian/Library/Developer/Xcode/DerivedData/AirFit-byirbnjrjkaivfbuyqrmiapiyxae/Build/Intermediates.noindex/AirFit.build/Debug-iphonesimulator/AirFit.build/AirFit-project-headers.hmap -Xcc -I/Users/Brian/Library/Developer/Xcode/DerivedData/AirFit-byirbnjrjkaivfbuyqrmiapiyxae/Build/Products/Debug-iphonesimulator/include -Xcc -I/Users/Brian/Library/Developer/Xcode/DerivedData/AirFit-byirbnjrjkaivfbuyqrmiapiyxae/Build/Intermediates.noindex/AirFit.build/Debug-iphonesimulator/AirFit.build/DerivedSources-normal/arm64 -Xcc -I/Users/Brian/Library/Developer/Xcode/DerivedData/AirFit-byirbnjrjkaivfbuyqrmiapiyxae/Build/Intermediates.noindex/AirFit.build/Debug-iphonesimulator/AirFit.build/DerivedSources/arm64 -Xcc -I/Users/Brian/Library/Developer/Xcode/DerivedData/AirFit-byirbnjrjkaivfbuyqrmiapiyxae/Build/Intermediates.noindex/AirFit.build/Debug-iphonesimulator/AirFit.build/DerivedSources -Xcc -DDEBUG\=1 -emit-objc-header -emit-objc-header-path /Users/Brian/Library/Developer/Xcode/DerivedData/AirFit-byirbnjrjkaivfbuyqrmiapiyxae/Build/Intermediates.noindex/AirFit.build/Debug-iphonesimulator/AirFit.build/Objects-normal/arm64/AirFit-Swift.h -working-directory /Users/Brian/Coding\ Projects/AirFit -experimental-emit-module-separately -disable-cmo

Copy /Users/Brian/Library/Developer/Xcode/DerivedData/AirFit-byirbnjrjkaivfbuyqrmiapiyxae/Build/Products/Debug-iphonesimulator/AirFit.swiftmodule/Project/arm64-apple-ios-simulator.swiftsourceinfo /Users/Brian/Library/Developer/Xcode/DerivedData/AirFit-byirbnjrjkaivfbuyqrmiapiyxae/Build/Intermediates.noindex/AirFit.build/Debug-iphonesimulator/AirFit.build/Objects-normal/arm64/AirFit.swiftsourceinfo (in target 'AirFit' from project 'AirFit')
    cd /Users/Brian/Coding\ Projects/AirFit
    builtin-copy -exclude .DS_Store -exclude CVS -exclude .svn -exclude .git -exclude .hg -resolve-src-symlinks -rename /Users/Brian/Library/Developer/Xcode/DerivedData/AirFit-byirbnjrjkaivfbuyqrmiapiyxae/Build/Intermediates.noindex/AirFit.build/Debug-iphonesimulator/AirFit.build/Objects-normal/arm64/AirFit.swiftsourceinfo /Users/Brian/Library/Developer/Xcode/DerivedData/AirFit-byirbnjrjkaivfbuyqrmiapiyxae/Build/Products/Debug-iphonesimulator/AirFit.swiftmodule/Project/arm64-apple-ios-simulator.swiftsourceinfo

Copy /Users/Brian/Library/Developer/Xcode/DerivedData/AirFit-byirbnjrjkaivfbuyqrmiapiyxae/Build/Products/Debug-iphonesimulator/AirFit.swiftmodule/arm64-apple-ios-simulator.swiftmodule /Users/Brian/Library/Developer/Xcode/DerivedData/AirFit-byirbnjrjkaivfbuyqrmiapiyxae/Build/Intermediates.noindex/AirFit.build/Debug-iphonesimulator/AirFit.build/Objects-normal/arm64/AirFit.swiftmodule (in target 'AirFit' from project 'AirFit')
    cd /Users/Brian/Coding\ Projects/AirFit
    builtin-copy -exclude .DS_Store -exclude CVS -exclude .svn -exclude .git -exclude .hg -resolve-src-symlinks -rename /Users/Brian/Library/Developer/Xcode/DerivedData/AirFit-byirbnjrjkaivfbuyqrmiapiyxae/Build/Intermediates.noindex/AirFit.build/Debug-iphonesimulator/AirFit.build/Objects-normal/arm64/AirFit.swiftmodule /Users/Brian/Library/Developer/Xcode/DerivedData/AirFit-byirbnjrjkaivfbuyqrmiapiyxae/Build/Products/Debug-iphonesimulator/AirFit.swiftmodule/arm64-apple-ios-simulator.swiftmodule

Copy /Users/Brian/Library/Developer/Xcode/DerivedData/AirFit-byirbnjrjkaivfbuyqrmiapiyxae/Build/Products/Debug-iphonesimulator/AirFit.swiftmodule/arm64-apple-ios-simulator.abi.json /Users/Brian/Library/Developer/Xcode/DerivedData/AirFit-byirbnjrjkaivfbuyqrmiapiyxae/Build/Intermediates.noindex/AirFit.build/Debug-iphonesimulator/AirFit.build/Objects-normal/arm64/AirFit.abi.json (in target 'AirFit' from project 'AirFit')
    cd /Users/Brian/Coding\ Projects/AirFit
    builtin-copy -exclude .DS_Store -exclude CVS -exclude .svn -exclude .git -exclude .hg -resolve-src-symlinks -rename /Users/Brian/Library/Developer/Xcode/DerivedData/AirFit-byirbnjrjkaivfbuyqrmiapiyxae/Build/Intermediates.noindex/AirFit.build/Debug-iphonesimulator/AirFit.build/Objects-normal/arm64/AirFit.abi.json /Users/Brian/Library/Developer/Xcode/DerivedData/AirFit-byirbnjrjkaivfbuyqrmiapiyxae/Build/Products/Debug-iphonesimulator/AirFit.swiftmodule/arm64-apple-ios-simulator.abi.json

SwiftDriver\ Compilation AirFit normal arm64 com.apple.xcode.tools.swift.compiler (in target 'AirFit' from project 'AirFit')
    cd /Users/Brian/Coding\ Projects/AirFit
    builtin-Swift-Compilation -- /Applications/Xcode.app/Contents/Developer/Toolchains/XcodeDefault.xctoolchain/usr/bin/swiftc -module-name AirFit -Onone -enforce-exclusivity\=checked @/Users/Brian/Library/Developer/Xcode/DerivedData/AirFit-byirbnjrjkaivfbuyqrmiapiyxae/Build/Intermediates.noindex/AirFit.build/Debug-iphonesimulator/AirFit.build/Objects-normal/arm64/AirFit.SwiftFileList -DDEBUG -enable-experimental-feature DebugDescriptionMacro -sdk /Applications/Xcode.app/Contents/Developer/Platforms/iPhoneSimulator.platform/Developer/SDKs/iPhoneSimulator18.5.sdk -target arm64-apple-ios18.0-simulator -g -module-cache-path /Users/Brian/Library/Developer/Xcode/DerivedData/ModuleCache.noindex -Xfrontend -serialize-debugging-options -profile-coverage-mapping -profile-generate -enable-testing -index-store-path /Users/Brian/Library/Developer/Xcode/DerivedData/AirFit-byirbnjrjkaivfbuyqrmiapiyxae/Index.noindex/DataStore -swift-version 6 -I /Users/Brian/Library/Developer/Xcode/DerivedData/AirFit-byirbnjrjkaivfbuyqrmiapiyxae/Build/Products/Debug-iphonesimulator -F /Users/Brian/Library/Developer/Xcode/DerivedData/AirFit-byirbnjrjkaivfbuyqrmiapiyxae/Build/Products/Debug-iphonesimulator/PackageFrameworks -F /Users/Brian/Library/Developer/Xcode/DerivedData/AirFit-byirbnjrjkaivfbuyqrmiapiyxae/Build/Products/Debug-iphonesimulator/PackageFrameworks -F /Users/Brian/Library/Developer/Xcode/DerivedData/AirFit-byirbnjrjkaivfbuyqrmiapiyxae/Build/Products/Debug-iphonesimulator/PackageFrameworks -F /Users/Brian/Library/Developer/Xcode/DerivedData/AirFit-byirbnjrjkaivfbuyqrmiapiyxae/Build/Products/Debug-iphonesimulator/PackageFrameworks -F /Users/Brian/Library/Developer/Xcode/DerivedData/AirFit-byirbnjrjkaivfbuyqrmiapiyxae/Build/Products/Debug-iphonesimulator/PackageFrameworks -F /Users/Brian/Library/Developer/Xcode/DerivedData/AirFit-byirbnjrjkaivfbuyqrmiapiyxae/Build/Products/Debug-iphonesimulator/PackageFrameworks -F /Users/Brian/Library/Developer/Xcode/DerivedData/AirFit-byirbnjrjkaivfbuyqrmiapiyxae/Build/Products/Debug-iphonesimulator/PackageFrameworks -F /Users/Brian/Library/Developer/Xcode/DerivedData/AirFit-byirbnjrjkaivfbuyqrmiapiyxae/Build/Products/Debug-iphonesimulator/PackageFrameworks -F /Users/Brian/Library/Developer/Xcode/DerivedData/AirFit-byirbnjrjkaivfbuyqrmiapiyxae/Build/Products/Debug-iphonesimulator/PackageFrameworks -F /Users/Brian/Library/Developer/Xcode/DerivedData/AirFit-byirbnjrjkaivfbuyqrmiapiyxae/Build/Products/Debug-iphonesimulator -emit-localized-strings -emit-localized-strings-path /Users/Brian/Library/Developer/Xcode/DerivedData/AirFit-byirbnjrjkaivfbuyqrmiapiyxae/Build/Intermediates.noindex/AirFit.build/Debug-iphonesimulator/AirFit.build/Objects-normal/arm64 -c -j16 -enable-batch-mode -incremental -Xcc -ivfsstatcache -Xcc /Users/Brian/Library/Developer/Xcode/DerivedData/SDKStatCaches.noindex/iphonesimulator18.5-22F76-d5fc8ad4295d2ef488fb7d0f804ce0c4.sdkstatcache -output-file-map /Users/Brian/Library/Developer/Xcode/DerivedData/AirFit-byirbnjrjkaivfbuyqrmiapiyxae/Build/Intermediates.noindex/AirFit.build/Debug-iphonesimulator/AirFit.build/Objects-normal/arm64/AirFit-OutputFileMap.json -use-frontend-parseable-output -save-temps -no-color-diagnostics -serialize-diagnostics -emit-dependencies -emit-module -emit-module-path /Users/Brian/Library/Developer/Xcode/DerivedData/AirFit-byirbnjrjkaivfbuyqrmiapiyxae/Build/Intermediates.noindex/AirFit.build/Debug-iphonesimulator/AirFit.build/Objects-normal/arm64/AirFit.swiftmodule -validate-clang-modules-once -clang-build-session-file /Users/Brian/Library/Developer/Xcode/DerivedData/ModuleCache.noindex/Session.modulevalidation -Xcc -I/Users/Brian/Library/Developer/Xcode/DerivedData/AirFit-byirbnjrjkaivfbuyqrmiapiyxae/Build/Intermediates.noindex/AirFit.build/Debug-iphonesimulator/AirFit.build/swift-overrides.hmap -emit-const-values -Xfrontend -const-gather-protocols-file -Xfrontend /Users/Brian/Library/Developer/Xcode/DerivedData/AirFit-byirbnjrjkaivfbuyqrmiapiyxae/Build/Intermediates.noindex/AirFit.build/Debug-iphonesimulator/AirFit.build/Objects-normal/arm64/AirFit_const_extract_protocols.json -Xcc -iquote -Xcc /Users/Brian/Library/Developer/Xcode/DerivedData/AirFit-byirbnjrjkaivfbuyqrmiapiyxae/Build/Intermediates.noindex/AirFit.build/Debug-iphonesimulator/AirFit.build/AirFit-generated-files.hmap -Xcc -I/Users/Brian/Library/Developer/Xcode/DerivedData/AirFit-byirbnjrjkaivfbuyqrmiapiyxae/Build/Intermediates.noindex/AirFit.build/Debug-iphonesimulator/AirFit.build/AirFit-own-target-headers.hmap -Xcc -I/Users/Brian/Library/Developer/Xcode/DerivedData/AirFit-byirbnjrjkaivfbuyqrmiapiyxae/Build/Intermediates.noindex/AirFit.build/Debug-iphonesimulator/AirFit.build/AirFit-all-non-framework-target-headers.hmap -Xcc -ivfsoverlay -Xcc /Users/Brian/Library/Developer/Xcode/DerivedData/AirFit-byirbnjrjkaivfbuyqrmiapiyxae/Build/Intermediates.noindex/AirFit.build/Debug-iphonesimulator/AirFit-ebd97daffa3a1e236f047a59eef70a3a-VFS-iphonesimulator/all-product-headers.yaml -Xcc -iquote -Xcc /Users/Brian/Library/Developer/Xcode/DerivedData/AirFit-byirbnjrjkaivfbuyqrmiapiyxae/Build/Intermediates.noindex/AirFit.build/Debug-iphonesimulator/AirFit.build/AirFit-project-headers.hmap -Xcc -I/Users/Brian/Library/Developer/Xcode/DerivedData/AirFit-byirbnjrjkaivfbuyqrmiapiyxae/Build/Products/Debug-iphonesimulator/include -Xcc -I/Users/Brian/Library/Developer/Xcode/DerivedData/AirFit-byirbnjrjkaivfbuyqrmiapiyxae/Build/Intermediates.noindex/AirFit.build/Debug-iphonesimulator/AirFit.build/DerivedSources-normal/arm64 -Xcc -I/Users/Brian/Library/Developer/Xcode/DerivedData/AirFit-byirbnjrjkaivfbuyqrmiapiyxae/Build/Intermediates.noindex/AirFit.build/Debug-iphonesimulator/AirFit.build/DerivedSources/arm64 -Xcc -I/Users/Brian/Library/Developer/Xcode/DerivedData/AirFit-byirbnjrjkaivfbuyqrmiapiyxae/Build/Intermediates.noindex/AirFit.build/Debug-iphonesimulator/AirFit.build/DerivedSources -Xcc -DDEBUG\=1 -emit-objc-header -emit-objc-header-path /Users/Brian/Library/Developer/Xcode/DerivedData/AirFit-byirbnjrjkaivfbuyqrmiapiyxae/Build/Intermediates.noindex/AirFit.build/Debug-iphonesimulator/AirFit.build/Objects-normal/arm64/AirFit-Swift.h -working-directory /Users/Brian/Coding\ Projects/AirFit -experimental-emit-module-separately -disable-cmo

Ld /Users/Brian/Library/Developer/Xcode/DerivedData/AirFit-byirbnjrjkaivfbuyqrmiapiyxae/Build/Products/Debug-iphonesimulator/AirFit.app/AirFit.debug.dylib normal (in target 'AirFit' from project 'AirFit')
    cd /Users/Brian/Coding\ Projects/AirFit
    /Applications/Xcode.app/Contents/Developer/Toolchains/XcodeDefault.xctoolchain/usr/bin/clang -Xlinker -reproducible -target arm64-apple-ios18.0-simulator -dynamiclib -isysroot /Applications/Xcode.app/Contents/Developer/Platforms/iPhoneSimulator.platform/Developer/SDKs/iPhoneSimulator18.5.sdk -O0 -L/Users/Brian/Library/Developer/Xcode/DerivedData/AirFit-byirbnjrjkaivfbuyqrmiapiyxae/Build/Intermediates.noindex/EagerLinkingTBDs/Debug-iphonesimulator -L/Users/Brian/Library/Developer/Xcode/DerivedData/AirFit-byirbnjrjkaivfbuyqrmiapiyxae/Build/Products/Debug-iphonesimulator -F/Users/Brian/Library/Developer/Xcode/DerivedData/AirFit-byirbnjrjkaivfbuyqrmiapiyxae/Build/Intermediates.noindex/EagerLinkingTBDs/Debug-iphonesimulator -F/Users/Brian/Library/Developer/Xcode/DerivedData/AirFit-byirbnjrjkaivfbuyqrmiapiyxae/Build/Products/Debug-iphonesimulator/PackageFrameworks -F/Users/Brian/Library/Developer/Xcode/DerivedData/AirFit-byirbnjrjkaivfbuyqrmiapiyxae/Build/Products/Debug-iphonesimulator/PackageFrameworks -F/Users/Brian/Library/Developer/Xcode/DerivedData/AirFit-byirbnjrjkaivfbuyqrmiapiyxae/Build/Products/Debug-iphonesimulator/PackageFrameworks -F/Users/Brian/Library/Developer/Xcode/DerivedData/AirFit-byirbnjrjkaivfbuyqrmiapiyxae/Build/Products/Debug-iphonesimulator/PackageFrameworks -F/Users/Brian/Library/Developer/Xcode/DerivedData/AirFit-byirbnjrjkaivfbuyqrmiapiyxae/Build/Products/Debug-iphonesimulator/PackageFrameworks -F/Users/Brian/Library/Developer/Xcode/DerivedData/AirFit-byirbnjrjkaivfbuyqrmiapiyxae/Build/Products/Debug-iphonesimulator/PackageFrameworks -F/Users/Brian/Library/Developer/Xcode/DerivedData/AirFit-byirbnjrjkaivfbuyqrmiapiyxae/Build/Products/Debug-iphonesimulator/PackageFrameworks -F/Users/Brian/Library/Developer/Xcode/DerivedData/AirFit-byirbnjrjkaivfbuyqrmiapiyxae/Build/Products/Debug-iphonesimulator/PackageFrameworks -F/Users/Brian/Library/Developer/Xcode/DerivedData/AirFit-byirbnjrjkaivfbuyqrmiapiyxae/Build/Products/Debug-iphonesimulator/PackageFrameworks -F/Users/Brian/Library/Developer/Xcode/DerivedData/AirFit-byirbnjrjkaivfbuyqrmiapiyxae/Build/Products/Debug-iphonesimulator -filelist /Users/Brian/Library/Developer/Xcode/DerivedData/AirFit-byirbnjrjkaivfbuyqrmiapiyxae/Build/Intermediates.noindex/AirFit.build/Debug-iphonesimulator/AirFit.build/Objects-normal/arm64/AirFit.LinkFileList -install_name @rpath/AirFit.debug.dylib -Xlinker -rpath -Xlinker /Users/Brian/Library/Developer/Xcode/DerivedData/AirFit-byirbnjrjkaivfbuyqrmiapiyxae/Build/Products/Debug-iphonesimulator/PackageFrameworks -Xlinker -rpath -Xlinker @executable_path/Frameworks -dead_strip -Xlinker -object_path_lto -Xlinker /Users/Brian/Library/Developer/Xcode/DerivedData/AirFit-byirbnjrjkaivfbuyqrmiapiyxae/Build/Intermediates.noindex/AirFit.build/Debug-iphonesimulator/AirFit.build/Objects-normal/arm64/AirFit_lto.o -rdynamic -Xlinker -no_deduplicate -Xlinker -objc_abi_version -Xlinker 2 -Xlinker -debug_variant -Xlinker -dependency_info -Xlinker /Users/Brian/Library/Developer/Xcode/DerivedData/AirFit-byirbnjrjkaivfbuyqrmiapiyxae/Build/Intermediates.noindex/AirFit.build/Debug-iphonesimulator/AirFit.build/Objects-normal/arm64/AirFit_dependency_info.dat -fobjc-link-runtime -fprofile-instr-generate -L/Applications/Xcode.app/Contents/Developer/Toolchains/XcodeDefault.xctoolchain/usr/lib/swift/iphonesimulator -L/usr/lib/swift -Xlinker -add_ast_path -Xlinker /Users/Brian/Library/Developer/Xcode/DerivedData/AirFit-byirbnjrjkaivfbuyqrmiapiyxae/Build/Intermediates.noindex/AirFit.build/Debug-iphonesimulator/AirFit.build/Objects-normal/arm64/AirFit.swiftmodule -Wl,-no_warn_duplicate_libraries -Wl,-no_warn_duplicate_libraries -Wl,-no_warn_duplicate_libraries -Wl,-no_warn_duplicate_libraries -Wl,-no_warn_duplicate_libraries -Wl,-no_warn_duplicate_libraries -Wl,-no_warn_duplicate_libraries -Wl,-no_warn_duplicate_libraries -Wl,-no_warn_duplicate_libraries -Xlinker -alias -Xlinker _main -Xlinker ___debug_main_executable_dylib_entry_point -Xlinker -no_adhoc_codesign -o /Users/Brian/Library/Developer/Xcode/DerivedData/AirFit-byirbnjrjkaivfbuyqrmiapiyxae/Build/Products/Debug-iphonesimulator/AirFit.app/AirFit.debug.dylib -Xlinker -add_ast_path -Xlinker /Users/Brian/Library/Developer/Xcode/DerivedData/AirFit-byirbnjrjkaivfbuyqrmiapiyxae/Build/Intermediates.noindex/whisperkit.build/Debug-iphonesimulator/WhisperKit.build/Objects-normal/arm64/WhisperKit.swiftmodule -Xlinker -add_ast_path -Xlinker /Users/Brian/Library/Developer/Xcode/DerivedData/AirFit-byirbnjrjkaivfbuyqrmiapiyxae/Build/Intermediates.noindex/swift-transformers.build/Debug-iphonesimulator/Tokenizers.build/Objects-normal/arm64/Tokenizers.swiftmodule -Xlinker -add_ast_path -Xlinker /Users/Brian/Library/Developer/Xcode/DerivedData/AirFit-byirbnjrjkaivfbuyqrmiapiyxae/Build/Intermediates.noindex/swift-transformers.build/Debug-iphonesimulator/Generation.build/Objects-normal/arm64/Generation.swiftmodule -Xlinker -add_ast_path -Xlinker /Users/Brian/Library/Developer/Xcode/DerivedData/AirFit-byirbnjrjkaivfbuyqrmiapiyxae/Build/Intermediates.noindex/swift-transformers.build/Debug-iphonesimulator/Models.build/Objects-normal/arm64/Models.swiftmodule -Xlinker -add_ast_path -Xlinker /Users/Brian/Library/Developer/Xcode/DerivedData/AirFit-byirbnjrjkaivfbuyqrmiapiyxae/Build/Intermediates.noindex/swift-transformers.build/Debug-iphonesimulator/Hub.build/Objects-normal/arm64/Hub.swiftmodule -Xlinker -add_ast_path -Xlinker /Users/Brian/Library/Developer/Xcode/DerivedData/AirFit-byirbnjrjkaivfbuyqrmiapiyxae/Build/Intermediates.noindex/Jinja.build/Debug-iphonesimulator/Jinja.build/Objects-normal/arm64/Jinja.swiftmodule -Xlinker -add_ast_path -Xlinker /Users/Brian/Library/Developer/Xcode/DerivedData/AirFit-byirbnjrjkaivfbuyqrmiapiyxae/Build/Intermediates.noindex/swift-collections.build/Debug-iphonesimulator/OrderedCollections.build/Objects-normal/arm64/OrderedCollections.swiftmodule -Xlinker -add_ast_path -Xlinker /Users/Brian/Library/Developer/Xcode/DerivedData/AirFit-byirbnjrjkaivfbuyqrmiapiyxae/Build/Intermediates.noindex/swift-collections.build/Debug-iphonesimulator/InternalCollectionsUtilities.build/Objects-normal/arm64/InternalCollectionsUtilities.swiftmodule -Xlinker -add_ast_path -Xlinker /Users/Brian/Library/Developer/Xcode/DerivedData/AirFit-byirbnjrjkaivfbuyqrmiapiyxae/Build/Intermediates.noindex/swift-transformers.build/Debug-iphonesimulator/TensorUtils.build/Objects-normal/arm64/TensorUtils.swiftmodule

ConstructStubExecutorLinkFileList /Users/Brian/Library/Developer/Xcode/DerivedData/AirFit-byirbnjrjkaivfbuyqrmiapiyxae/Build/Intermediates.noindex/AirFit.build/Debug-iphonesimulator/AirFit.build/AirFit-ExecutorLinkFileList-normal-arm64.txt (in target 'AirFit' from project 'AirFit')
    cd /Users/Brian/Coding\ Projects/AirFit
    construct-stub-executor-link-file-list /Users/Brian/Library/Developer/Xcode/DerivedData/AirFit-byirbnjrjkaivfbuyqrmiapiyxae/Build/Products/Debug-iphonesimulator/AirFit.app/AirFit.debug.dylib /Applications/Xcode.app/Contents/Developer/Platforms/iPhoneSimulator.platform/Developer/usr/lib/libPreviewsJITStubExecutor_no_swift_entry_point.a /Applications/Xcode.app/Contents/Developer/Platforms/iPhoneSimulator.platform/Developer/usr/lib/libPreviewsJITStubExecutor.a --output /Users/Brian/Library/Developer/Xcode/DerivedData/AirFit-byirbnjrjkaivfbuyqrmiapiyxae/Build/Intermediates.noindex/AirFit.build/Debug-iphonesimulator/AirFit.build/AirFit-ExecutorLinkFileList-normal-arm64.txt
note: Using stub executor library with Swift entry point. (in target 'AirFit' from project 'AirFit')

Ld /Users/Brian/Library/Developer/Xcode/DerivedData/AirFit-byirbnjrjkaivfbuyqrmiapiyxae/Build/Products/Debug-iphonesimulator/AirFit.app/AirFit normal (in target 'AirFit' from project 'AirFit')
    cd /Users/Brian/Coding\ Projects/AirFit
    /Applications/Xcode.app/Contents/Developer/Toolchains/XcodeDefault.xctoolchain/usr/bin/clang -Xlinker -reproducible -target arm64-apple-ios18.0-simulator -isysroot /Applications/Xcode.app/Contents/Developer/Platforms/iPhoneSimulator.platform/Developer/SDKs/iPhoneSimulator18.5.sdk -O0 -L/Users/Brian/Library/Developer/Xcode/DerivedData/AirFit-byirbnjrjkaivfbuyqrmiapiyxae/Build/Products/Debug-iphonesimulator -F/Users/Brian/Library/Developer/Xcode/DerivedData/AirFit-byirbnjrjkaivfbuyqrmiapiyxae/Build/Products/Debug-iphonesimulator/PackageFrameworks -F/Users/Brian/Library/Developer/Xcode/DerivedData/AirFit-byirbnjrjkaivfbuyqrmiapiyxae/Build/Products/Debug-iphonesimulator/PackageFrameworks -F/Users/Brian/Library/Developer/Xcode/DerivedData/AirFit-byirbnjrjkaivfbuyqrmiapiyxae/Build/Products/Debug-iphonesimulator/PackageFrameworks -F/Users/Brian/Library/Developer/Xcode/DerivedData/AirFit-byirbnjrjkaivfbuyqrmiapiyxae/Build/Products/Debug-iphonesimulator/PackageFrameworks -F/Users/Brian/Library/Developer/Xcode/DerivedData/AirFit-byirbnjrjkaivfbuyqrmiapiyxae/Build/Products/Debug-iphonesimulator/PackageFrameworks -F/Users/Brian/Library/Developer/Xcode/DerivedData/AirFit-byirbnjrjkaivfbuyqrmiapiyxae/Build/Products/Debug-iphonesimulator/PackageFrameworks -F/Users/Brian/Library/Developer/Xcode/DerivedData/AirFit-byirbnjrjkaivfbuyqrmiapiyxae/Build/Products/Debug-iphonesimulator/PackageFrameworks -F/Users/Brian/Library/Developer/Xcode/DerivedData/AirFit-byirbnjrjkaivfbuyqrmiapiyxae/Build/Products/Debug-iphonesimulator/PackageFrameworks -F/Users/Brian/Library/Developer/Xcode/DerivedData/AirFit-byirbnjrjkaivfbuyqrmiapiyxae/Build/Products/Debug-iphonesimulator/PackageFrameworks -F/Users/Brian/Library/Developer/Xcode/DerivedData/AirFit-byirbnjrjkaivfbuyqrmiapiyxae/Build/Products/Debug-iphonesimulator -Xlinker -rpath -Xlinker @executable_path -Xlinker -rpath -Xlinker /Users/Brian/Library/Developer/Xcode/DerivedData/AirFit-byirbnjrjkaivfbuyqrmiapiyxae/Build/Products/Debug-iphonesimulator/PackageFrameworks -Xlinker -rpath -Xlinker @executable_path/Frameworks -rdynamic -Xlinker -no_deduplicate -Xlinker -objc_abi_version -Xlinker 2 -Xlinker -debug_variant -e ___debug_blank_executor_main -Xlinker -sectcreate -Xlinker __TEXT -Xlinker __debug_dylib -Xlinker /Users/Brian/Library/Developer/Xcode/DerivedData/AirFit-byirbnjrjkaivfbuyqrmiapiyxae/Build/Intermediates.noindex/AirFit.build/Debug-iphonesimulator/AirFit.build/AirFit-DebugDylibPath-normal-arm64.txt -Xlinker -sectcreate -Xlinker __TEXT -Xlinker __debug_instlnm -Xlinker /Users/Brian/Library/Developer/Xcode/DerivedData/AirFit-byirbnjrjkaivfbuyqrmiapiyxae/Build/Intermediates.noindex/AirFit.build/Debug-iphonesimulator/AirFit.build/AirFit-DebugDylibInstallName-normal-arm64.txt -Xlinker -filelist -Xlinker /Users/Brian/Library/Developer/Xcode/DerivedData/AirFit-byirbnjrjkaivfbuyqrmiapiyxae/Build/Intermediates.noindex/AirFit.build/Debug-iphonesimulator/AirFit.build/AirFit-ExecutorLinkFileList-normal-arm64.txt -Xlinker -sectcreate -Xlinker __TEXT -Xlinker __entitlements -Xlinker /Users/Brian/Library/Developer/Xcode/DerivedData/AirFit-byirbnjrjkaivfbuyqrmiapiyxae/Build/Intermediates.noindex/AirFit.build/Debug-iphonesimulator/AirFit.build/AirFit.app-Simulated.xcent -Xlinker -sectcreate -Xlinker __TEXT -Xlinker __ents_der -Xlinker /Users/Brian/Library/Developer/Xcode/DerivedData/AirFit-byirbnjrjkaivfbuyqrmiapiyxae/Build/Intermediates.noindex/AirFit.build/Debug-iphonesimulator/AirFit.build/AirFit.app-Simulated.xcent.der /Users/Brian/Library/Developer/Xcode/DerivedData/AirFit-byirbnjrjkaivfbuyqrmiapiyxae/Build/Products/Debug-iphonesimulator/AirFit.app/AirFit.debug.dylib -Xlinker -no_adhoc_codesign -o /Users/Brian/Library/Developer/Xcode/DerivedData/AirFit-byirbnjrjkaivfbuyqrmiapiyxae/Build/Products/Debug-iphonesimulator/AirFit.app/AirFit

CopySwiftLibs /Users/Brian/Library/Developer/Xcode/DerivedData/AirFit-byirbnjrjkaivfbuyqrmiapiyxae/Build/Products/Debug-iphonesimulator/AirFit.app (in target 'AirFit' from project 'AirFit')
    cd /Users/Brian/Coding\ Projects/AirFit
    builtin-swiftStdLibTool --copy --verbose --sign - --scan-executable /Users/Brian/Library/Developer/Xcode/DerivedData/AirFit-byirbnjrjkaivfbuyqrmiapiyxae/Build/Products/Debug-iphonesimulator/AirFit.app/AirFit.debug.dylib --scan-folder /Users/Brian/Library/Developer/Xcode/DerivedData/AirFit-byirbnjrjkaivfbuyqrmiapiyxae/Build/Products/Debug-iphonesimulator/AirFit.app/Frameworks --scan-folder /Users/Brian/Library/Developer/Xcode/DerivedData/AirFit-byirbnjrjkaivfbuyqrmiapiyxae/Build/Products/Debug-iphonesimulator/AirFit.app/PlugIns --scan-folder /Users/Brian/Library/Developer/Xcode/DerivedData/AirFit-byirbnjrjkaivfbuyqrmiapiyxae/Build/Products/Debug-iphonesimulator/AirFit.app/SystemExtensions --scan-folder /Users/Brian/Library/Developer/Xcode/DerivedData/AirFit-byirbnjrjkaivfbuyqrmiapiyxae/Build/Products/Debug-iphonesimulator/AirFit.app/Extensions --platform iphonesimulator --toolchain /Applications/Xcode.app/Contents/Developer/Toolchains/XcodeDefault.xctoolchain --destination /Users/Brian/Library/Developer/Xcode/DerivedData/AirFit-byirbnjrjkaivfbuyqrmiapiyxae/Build/Products/Debug-iphonesimulator/AirFit.app/Frameworks --strip-bitcode --strip-bitcode-tool /Applications/Xcode.app/Contents/Developer/Toolchains/XcodeDefault.xctoolchain/usr/bin/bitcode_strip --emit-dependency-info /Users/Brian/Library/Developer/Xcode/DerivedData/AirFit-byirbnjrjkaivfbuyqrmiapiyxae/Build/Intermediates.noindex/AirFit.build/Debug-iphonesimulator/AirFit.build/SwiftStdLibToolInputDependencies.dep --filter-for-swift-os

ExtractAppIntentsMetadata (in target 'AirFit' from project 'AirFit')
    cd /Users/Brian/Coding\ Projects/AirFit
    /Applications/Xcode.app/Contents/Developer/Toolchains/XcodeDefault.xctoolchain/usr/bin/appintentsmetadataprocessor --toolchain-dir /Applications/Xcode.app/Contents/Developer/Toolchains/XcodeDefault.xctoolchain --module-name AirFit --sdk-root /Applications/Xcode.app/Contents/Developer/Platforms/iPhoneSimulator.platform/Developer/SDKs/iPhoneSimulator18.5.sdk --xcode-version 16F6 --platform-family iOS --deployment-target 18.0 --bundle-identifier com.airfit.app --output /Users/Brian/Library/Developer/Xcode/DerivedData/AirFit-byirbnjrjkaivfbuyqrmiapiyxae/Build/Products/Debug-iphonesimulator/AirFit.app --target-triple arm64-apple-ios18.0-simulator --binary-file /Users/Brian/Library/Developer/Xcode/DerivedData/AirFit-byirbnjrjkaivfbuyqrmiapiyxae/Build/Products/Debug-iphonesimulator/AirFit.app/AirFit --dependency-file /Users/Brian/Library/Developer/Xcode/DerivedData/AirFit-byirbnjrjkaivfbuyqrmiapiyxae/Build/Intermediates.noindex/AirFit.build/Debug-iphonesimulator/AirFit.build/Objects-normal/arm64/AirFit_dependency_info.dat --stringsdata-file /Users/Brian/Library/Developer/Xcode/DerivedData/AirFit-byirbnjrjkaivfbuyqrmiapiyxae/Build/Intermediates.noindex/AirFit.build/Debug-iphonesimulator/AirFit.build/Objects-normal/arm64/ExtractedAppShortcutsMetadata.stringsdata --source-file-list /Users/Brian/Library/Developer/Xcode/DerivedData/AirFit-byirbnjrjkaivfbuyqrmiapiyxae/Build/Intermediates.noindex/AirFit.build/Debug-iphonesimulator/AirFit.build/Objects-normal/arm64/AirFit.SwiftFileList --metadata-file-list /Users/Brian/Library/Developer/Xcode/DerivedData/AirFit-byirbnjrjkaivfbuyqrmiapiyxae/Build/Intermediates.noindex/AirFit.build/Debug-iphonesimulator/AirFit.build/AirFit.DependencyMetadataFileList --static-metadata-file-list /Users/Brian/Library/Developer/Xcode/DerivedData/AirFit-byirbnjrjkaivfbuyqrmiapiyxae/Build/Intermediates.noindex/AirFit.build/Debug-iphonesimulator/AirFit.build/AirFit.DependencyStaticMetadataFileList --swift-const-vals-list /Users/Brian/Library/Developer/Xcode/DerivedData/AirFit-byirbnjrjkaivfbuyqrmiapiyxae/Build/Intermediates.noindex/AirFit.build/Debug-iphonesimulator/AirFit.build/Objects-normal/arm64/AirFit.SwiftConstValuesFileList --compile-time-extraction --deployment-aware-processing --validate-assistant-intents --no-app-shortcuts-localization
2025-09-01 13:19:41.253 appintentsmetadataprocessor[15329:410585] Starting appintentsmetadataprocessor export
2025-09-01 13:19:41.254 appintentsmetadataprocessor[15329:410585] warning: Metadata extraction skipped. No AppIntents.framework dependency found.

CodeSign /Users/Brian/Library/Developer/Xcode/DerivedData/AirFit-byirbnjrjkaivfbuyqrmiapiyxae/Build/Products/Debug-iphonesimulator/AirFit.app/AirFit.debug.dylib (in target 'AirFit' from project 'AirFit')
    cd /Users/Brian/Coding\ Projects/AirFit
    
    Signing Identity:     "Sign to Run Locally"
    
    /usr/bin/codesign --force --sign - --timestamp\=none --generate-entitlement-der /Users/Brian/Library/Developer/Xcode/DerivedData/AirFit-byirbnjrjkaivfbuyqrmiapiyxae/Build/Products/Debug-iphonesimulator/AirFit.app/AirFit.debug.dylib

CodeSign /Users/Brian/Library/Developer/Xcode/DerivedData/AirFit-byirbnjrjkaivfbuyqrmiapiyxae/Build/Products/Debug-iphonesimulator/AirFit.app/__preview.dylib (in target 'AirFit' from project 'AirFit')
    cd /Users/Brian/Coding\ Projects/AirFit
    
    Signing Identity:     "Sign to Run Locally"
    
    /usr/bin/codesign --force --sign - --timestamp\=none --generate-entitlement-der /Users/Brian/Library/Developer/Xcode/DerivedData/AirFit-byirbnjrjkaivfbuyqrmiapiyxae/Build/Products/Debug-iphonesimulator/AirFit.app/__preview.dylib
/Users/Brian/Library/Developer/Xcode/DerivedData/AirFit-byirbnjrjkaivfbuyqrmiapiyxae/Build/Products/Debug-iphonesimulator/AirFit.app/__preview.dylib: replacing existing signature

CodeSign /Users/Brian/Library/Developer/Xcode/DerivedData/AirFit-byirbnjrjkaivfbuyqrmiapiyxae/Build/Products/Debug-iphonesimulator/AirFit.app (in target 'AirFit' from project 'AirFit')
    cd /Users/Brian/Coding\ Projects/AirFit
    
    Signing Identity:     "Sign to Run Locally"
    
    /usr/bin/codesign --force --sign - --entitlements /Users/Brian/Library/Developer/Xcode/DerivedData/AirFit-byirbnjrjkaivfbuyqrmiapiyxae/Build/Intermediates.noindex/AirFit.build/Debug-iphonesimulator/AirFit.build/AirFit.app.xcent --timestamp\=none --generate-entitlement-der /Users/Brian/Library/Developer/Xcode/DerivedData/AirFit-byirbnjrjkaivfbuyqrmiapiyxae/Build/Products/Debug-iphonesimulator/AirFit.app

Validate /Users/Brian/Library/Developer/Xcode/DerivedData/AirFit-byirbnjrjkaivfbuyqrmiapiyxae/Build/Products/Debug-iphonesimulator/AirFit.app (in target 'AirFit' from project 'AirFit')
    cd /Users/Brian/Coding\ Projects/AirFit
    builtin-validationUtility /Users/Brian/Library/Developer/Xcode/DerivedData/AirFit-byirbnjrjkaivfbuyqrmiapiyxae/Build/Products/Debug-iphonesimulator/AirFit.app -infoplist-subpath Info.plist

** BUILD SUCCEEDED **

